<?xml version="1.0" encoding="UTF-8"?>
<!-- Generated by org.testng.reporters.JUnitXMLReporter -->
<testsuite hostname="DESKTOP-30U0P6A" ignored="0" name="testngTest" tests="9" failures="0" timestamp="2020-10-15T15:26:33 IST" time="19.659" errors="0">
  <testcase name="verifyTitleFirstInfoBox" time="0.117" classname="org.sdet.SDETTestProject.LMSTest1"/>
  <testcase name="verifyTitleSecondMostPopularCourse" time="0.23" classname="org.sdet.SDETTestProject.LMSTest1"/>
  <testcase name="verifyWebsiteHeading" time="0.099" classname="org.sdet.SDETTestProject.LMSTest1"/>
  <testcase name="verifyWebsiteTitle" time="0.029" classname="org.sdet.SDETTestProject.LMSTest1"/>
  <testcase name="navigateAndverifyNumberOfCourses" time="0.857" classname="org.sdet.SDETTestProject.LMSTest2"/>
  <testcase name="verifyLoggedIn" time="3.427" classname="org.sdet.SDETTestProject.LMSTest2"/>
  <testcase name="navigateToMyAccountAndVerifyPage" time="0.818" classname="org.sdet.SDETTestProject.LMSTest2"/>
  <testcase name="navigateToCourseAndMarkComplete" time="0.952" classname="org.sdet.SDETTestProject.LMSTest2"/>
  <testcase name="navigateToContactUsAndCompleteForm" time="3.362" classname="org.sdet.SDETTestProject.LMSTest2"/>
</testsuite> <!-- testngTest -->
